This is pdfTeX, Version 3.14159265-2.6-1.40.21 (TeX Live 2020) (preloaded format=pdflatex 2021.3.2)  2 MAR 2021 10:41
entering extended mode
 restricted \write18 enabled.
 file:line:error style messages enabled.
 %&-line parsing enabled.
**/Users/mack/Desktop/Coursera_Capstone/report/samplepaper.tex
(/Users/mack/Desktop/Coursera_Capstone/report/samplepaper.tex
LaTeX2e <2020-02-02> patch level 5
L3 programming layer <2020-03-06> (/Users/mack/Desktop/Coursera_Capstone/report/llncs.cls
Document Class: llncs 2018/03/10 v2.20 
 LaTeX document class for Lecture Notes in Computer Science
(/usr/local/texlive/2020/texmf-dist/tex/latex/base/article.cls
Document Class: article 2019/12/20 v1.4l Standard LaTeX document class
(/usr/local/texlive/2020/texmf-dist/tex/latex/base/size10.clo
File: size10.clo 2019/12/20 v1.4l Standard LaTeX file (size option)
)
\c@part=\count167
\c@section=\count168
\c@subsection=\count169
\c@subsubsection=\count170
\c@paragraph=\count171
\c@subparagraph=\count172
\c@figure=\count173
\c@table=\count174
\abovecaptionskip=\skip47
\belowcaptionskip=\skip48
\bibindent=\dimen134
) (/usr/local/texlive/2020/texmf-dist/tex/latex/tools/multicol.sty
Package: multicol 2019/12/09 v1.8y multicolumn formatting (FMi)
\c@tracingmulticols=\count175
\mult@box=\box45
\multicol@leftmargin=\dimen135
\c@unbalance=\count176
\c@collectmore=\count177
\doublecol@number=\count178
\multicoltolerance=\count179
\multicolpretolerance=\count180
\full@width=\dimen136
\page@free=\dimen137
\premulticols=\dimen138
\postmulticols=\dimen139
\multicolsep=\skip49
\multicolbaselineskip=\skip50
\partial@page=\box46
\last@line=\box47
\maxbalancingoverflow=\dimen140
\mult@rightbox=\box48
\mult@grightbox=\box49
\mult@gfirstbox=\box50
\mult@firstbox=\box51
\@tempa=\box52
\@tempa=\box53
\@tempa=\box54
\@tempa=\box55
\@tempa=\box56
\@tempa=\box57
\@tempa=\box58
\@tempa=\box59
\@tempa=\box60
\@tempa=\box61
\@tempa=\box62
\@tempa=\box63
\@tempa=\box64
\@tempa=\box65
\@tempa=\box66
\@tempa=\box67
\@tempa=\box68
\@tempa=\box69
\@tempa=\box70
\@tempa=\box71
\@tempa=\box72
\@tempa=\box73
\@tempa=\box74
\@tempa=\box75
\@tempa=\box76
\@tempa=\box77
\@tempa=\box78
\@tempa=\box79
\@tempa=\box80
\@tempa=\box81
\@tempa=\box82
\@tempa=\box83
\@tempa=\box84
\@tempa=\box85
\@tempa=\box86
\@tempa=\box87
\@tempa=\box88
\c@minrows=\count181
\c@columnbadness=\count182
\c@finalcolumnbadness=\count183
\last@try=\dimen141
\multicolovershoot=\dimen142
\multicolundershoot=\dimen143
\mult@nat@firstbox=\box89
\colbreak@box=\box90
\mc@col@check@num=\count184
) (/usr/local/texlive/2020/texmf-dist/tex/latex/oberdiek/aliascnt.sty
Package: aliascnt 2018/09/07 v1.5 Alias counters (HO)
)
\c@chapter=\count185
LaTeX Font Info:    Redeclaring math symbol \Gamma on input line 362.
LaTeX Font Info:    Redeclaring math symbol \Delta on input line 363.
LaTeX Font Info:    Redeclaring math symbol \Theta on input line 364.
LaTeX Font Info:    Redeclaring math symbol \Lambda on input line 365.
LaTeX Font Info:    Redeclaring math symbol \Xi on input line 366.
LaTeX Font Info:    Redeclaring math symbol \Pi on input line 367.
LaTeX Font Info:    Redeclaring math symbol \Sigma on input line 368.
LaTeX Font Info:    Redeclaring math symbol \Upsilon on input line 369.
LaTeX Font Info:    Redeclaring math symbol \Phi on input line 370.
LaTeX Font Info:    Redeclaring math symbol \Psi on input line 371.
LaTeX Font Info:    Redeclaring math symbol \Omega on input line 372.
\tocchpnum=\dimen144
\tocsecnum=\dimen145
\tocsectotal=\dimen146
\tocsubsecnum=\dimen147
\tocsubsectotal=\dimen148
\tocsubsubsecnum=\dimen149
\tocsubsubsectotal=\dimen150
\tocparanum=\dimen151
\tocparatotal=\dimen152
\tocsubparanum=\dimen153
\@tempcntc=\count186
\fnindent=\dimen154
\c@@inst=\count187
\c@@auth=\count188
\c@auco=\count189
\instindent=\dimen155
\authrun=\box91
\authorrunning=\toks15
\tocauthor=\toks16
\titrun=\box92
\titlerunning=\toks17
\toctitle=\toks18
\c@theorem=\count190
\c@case=\count191
\c@conjecture=\count192
\c@corollary=\count193
\c@definition=\count194
\c@example=\count195
\c@exercise=\count196
\c@lemma=\count197
\c@note=\count198
\c@problem=\count199
\c@property=\count266
\c@proposition=\count267
\c@question=\count268
\c@solution=\count269
\c@remark=\count270
\headlineindent=\dimen156
) (/usr/local/texlive/2020/texmf-dist/tex/latex/graphics/graphicx.sty
Package: graphicx 2019/11/30 v1.2a Enhanced LaTeX Graphics (DPC,SPQR)
 (/usr/local/texlive/2020/texmf-dist/tex/latex/graphics/keyval.sty
Package: keyval 2014/10/28 v1.15 key=value parser (DPC)
\KV@toks@=\toks19
) (/usr/local/texlive/2020/texmf-dist/tex/latex/graphics/graphics.sty
Package: graphics 2019/11/30 v1.4a Standard LaTeX Graphics (DPC,SPQR)
 (/usr/local/texlive/2020/texmf-dist/tex/latex/graphics/trig.sty
Package: trig 2016/01/03 v1.10 sin cos tan (DPC)
) (/usr/local/texlive/2020/texmf-dist/tex/latex/graphics-cfg/graphics.cfg
File: graphics.cfg 2016/06/04 v1.11 sample graphics configuration
)
Package graphics Info: Driver file: pdftex.def on input line 105.
 (/usr/local/texlive/2020/texmf-dist/tex/latex/graphics-def/pdftex.def
File: pdftex.def 2018/01/08 v1.0l Graphics/color driver for pdftex
))
\Gin@req@height=\dimen157
\Gin@req@width=\dimen158
) (/usr/local/texlive/2020/texmf-dist/tex/latex/lipsum/lipsum.sty (/usr/local/texlive/2020/texmf-dist/tex/latex/l3kernel/expl3.sty
Package: expl3 2020-03-06 L3 programming layer (loader) 
 (/usr/local/texlive/2020/texmf-dist/tex/latex/l3backend/l3backend-pdfmode.def
File: l3backend-pdfmode.def 2020-03-12 L3 backend support: PDF mode
\l__kernel_color_stack_int=\count271
\l__pdf_internal_box=\box93
)) (/usr/local/texlive/2020/texmf-dist/tex/latex/l3packages/xparse/xparse.sty
Package: xparse 2020-03-06 L3 Experimental document command parser
\l__xparse_current_arg_int=\count272
\g__xparse_grabber_int=\count273
\l__xparse_m_args_int=\count274
\l__xparse_v_nesting_int=\count275
)
Package: lipsum 2019/01/02 v2.2 150 paragraphs of Lorem Ipsum dummy text
 (/usr/local/texlive/2020/texmf-dist/tex/latex/lipsum/lipsum.ltd.tex
File: lipsum.ltd.tex 2019/01/02 v2.2 The Lorem ipsum dummy text
)) (/usr/local/texlive/2020/texmf-dist/tex/latex/amsmath/amsmath.sty
Package: amsmath 2020/01/20 v2.17e AMS math features
\@mathmargin=\skip51

For additional information on amsmath, use the `?' option.
(/usr/local/texlive/2020/texmf-dist/tex/latex/amsmath/amstext.sty
Package: amstext 2000/06/29 v2.01 AMS text
 (/usr/local/texlive/2020/texmf-dist/tex/latex/amsmath/amsgen.sty
File: amsgen.sty 1999/11/30 v2.0 generic functions
\@emptytoks=\toks20
\ex@=\dimen159
)) (/usr/local/texlive/2020/texmf-dist/tex/latex/amsmath/amsbsy.sty
Package: amsbsy 1999/11/29 v1.2d Bold Symbols
\pmbraise@=\dimen160
) (/usr/local/texlive/2020/texmf-dist/tex/latex/amsmath/amsopn.sty
Package: amsopn 2016/03/08 v2.02 operator names
)
\inf@bad=\count276
LaTeX Info: Redefining \frac on input line 227.
\uproot@=\count277
\leftroot@=\count278
LaTeX Info: Redefining \overline on input line 389.
\classnum@=\count279
\DOTSCASE@=\count280
LaTeX Info: Redefining \ldots on input line 486.
LaTeX Info: Redefining \dots on input line 489.
LaTeX Info: Redefining \cdots on input line 610.
\Mathstrutbox@=\box94
\strutbox@=\box95
\big@size=\dimen161
LaTeX Font Info:    Redeclaring font encoding OML on input line 733.
LaTeX Font Info:    Redeclaring font encoding OMS on input line 734.
\macc@depth=\count281
\c@MaxMatrixCols=\count282
\dotsspace@=\muskip16
\c@parentequation=\count283
\dspbrk@lvl=\count284
\tag@help=\toks21
\row@=\count285
\column@=\count286
\maxfields@=\count287
\andhelp@=\toks22
\eqnshift@=\dimen162
\alignsep@=\dimen163
\tagshift@=\dimen164
\tagwidth@=\dimen165
\totwidth@=\dimen166
\lineht@=\dimen167
\@envbody=\toks23
\multlinegap=\skip52
\multlinetaggap=\skip53
\mathdisplay@stack=\toks24
LaTeX Info: Redefining \[ on input line 2859.
LaTeX Info: Redefining \] on input line 2860.
) (/usr/local/texlive/2020/texmf-dist/tex/latex/preprint/authblk.sty
Package: authblk 2001/02/27 1.3 (PWD)
\affilsep=\skip54
\@affilsep=\skip55
\c@Maxaffil=\count288
\c@authors=\count289
\c@affil=\count290
) (/usr/local/texlive/2020/texmf-dist/tex/latex/makecell/makecell.sty
Package: makecell 2009/08/03 V0.1e Managing of Tab Column Heads and Cells
 (/usr/local/texlive/2020/texmf-dist/tex/latex/tools/array.sty
Package: array 2019/08/31 v2.4l Tabular extension package (FMi)
\col@sep=\dimen168
\ar@mcellbox=\box96
\extrarowheight=\dimen169
\NC@list=\toks25
\extratabsurround=\skip56
\backup@length=\skip57
\ar@cellbox=\box97
)
\rotheadsize=\dimen170
\c@nlinenum=\count291
\TeXr@lab=\toks26
) (/usr/local/texlive/2020/texmf-dist/tex/latex/natbib/natbib.sty
Package: natbib 2010/09/13 8.31b (PWD, AO)
\bibhang=\skip58
\bibsep=\skip59
LaTeX Info: Redefining \cite on input line 694.
\c@NAT@ctr=\count292
) (/usr/local/texlive/2020/texmf-dist/tex/latex/float/float.sty
Package: float 2001/11/08 v1.3d Float enhancements (AL)
\c@float@type=\count293
\float@exts=\toks27
\float@box=\box98
\@float@everytoks=\toks28
\@floatcapt=\box99
) (/usr/local/texlive/2020/texmf-dist/tex/latex/was/gensymb.sty
Package: gensymb 2003/07/02 v1.0 (WaS)
) (/Users/mack/Desktop/Coursera_Capstone/report/samplepaper.aux

LaTeX Warning: Label `fig:data' multiply defined.


LaTeX Warning: Label `fig:data' multiply defined.

)
\openout1 = `samplepaper.aux'.

LaTeX Font Info:    Checking defaults for OML/cmm/m/it on input line 30.
LaTeX Font Info:    ... okay on input line 30.
LaTeX Font Info:    Checking defaults for OMS/cmsy/m/n on input line 30.
LaTeX Font Info:    ... okay on input line 30.
LaTeX Font Info:    Checking defaults for OT1/cmr/m/n on input line 30.
LaTeX Font Info:    ... okay on input line 30.
LaTeX Font Info:    Checking defaults for T1/cmr/m/n on input line 30.
LaTeX Font Info:    ... okay on input line 30.
LaTeX Font Info:    Checking defaults for TS1/cmr/m/n on input line 30.
LaTeX Font Info:    ... okay on input line 30.
LaTeX Font Info:    Checking defaults for OMX/cmex/m/n on input line 30.
LaTeX Font Info:    ... okay on input line 30.
LaTeX Font Info:    Checking defaults for U/cmr/m/n on input line 30.
LaTeX Font Info:    ... okay on input line 30.
 (/usr/local/texlive/2020/texmf-dist/tex/context/base/mkii/supp-pdf.mkii
[Loading MPS to PDF converter (version 2006.09.02).]
\scratchcounter=\count294
\scratchdimen=\dimen171
\scratchbox=\box100
\nofMPsegments=\count295
\nofMParguments=\count296
\everyMPshowfont=\toks29
\MPscratchCnt=\count297
\MPscratchDim=\dimen172
\MPnumerator=\count298
\makeMPintoPDFobject=\count299
\everyMPtoPDFconversion=\toks30
) (/usr/local/texlive/2020/texmf-dist/tex/latex/epstopdf-pkg/epstopdf-base.sty
Package: epstopdf-base 2020-01-24 v2.11 Base part for package epstopdf
Package epstopdf-base Info: Redefining graphics rule for `.eps' on input line 485.
 (/usr/local/texlive/2020/texmf-dist/tex/latex/latexconfig/epstopdf-sys.cfg
File: epstopdf-sys.cfg 2010/07/13 v1.3 Configuration of (r)epstopdf for TeX Live
))
LaTeX Info: Redefining \celsius on input line 30.
Package gensymb Info: Faking symbols for \degree and \celsius on input line 30.


Package gensymb Warning: Not defining \perthousand.

LaTeX Info: Redefining \ohm on input line 30.
Package gensymb Info: Using \Omega for \ohm on input line 30.

Package gensymb Warning: Not defining \micro.

[1

{/usr/local/texlive/2020/texmf-var/fonts/map/pdftex/updmap/pdftex.map}]
<rent.png, id=13, 829.0975pt x 387.4475pt>
File: rent.png Graphic file (type png)
<use rent.png>
Package pdftex.def Info: rent.png  used on input line 68.
(pdftex.def)             Requested size: 300.0pt x 140.19043pt.

Underfull \hbox (badness 10000) in paragraph at lines 77--79

 []

[2 </Users/mack/Desktop/Coursera_Capstone/report/rent.png>] [3]
Underfull \hbox (badness 10000) in paragraph at lines 106--108

 []


Overfull \hbox (1.48824pt too wide) in paragraph at lines 109--110
[]\OT1/cmr/m/n/10 (https://www.kaggle.com/c/two-sigma-connect-rental-listing-inquiries/data) 
 []

<describe.png, id=23, 525.965pt x 228.855pt>
File: describe.png Graphic file (type png)
<use describe.png>
Package pdftex.def Info: describe.png  used on input line 148.
(pdftex.def)             Requested size: 300.0pt x 130.53949pt.

LaTeX Warning: `!h' float specifier changed to `!ht'.

[4] [5 </Users/mack/Desktop/Coursera_Capstone/report/describe.png>]
<method.png, id=31, 978.65625pt x 660.4675pt>
File: method.png Graphic file (type png)
<use method.png>
Package pdftex.def Info: method.png  used on input line 179.
(pdftex.def)             Requested size: 300.0pt x 202.4652pt.

Underfull \hbox (badness 10000) in paragraph at lines 185--189

 []

<targetdist.png, id=32, 497.86pt x 248.93pt>
File: targetdist.png Graphic file (type png)
<use targetdist.png>
Package pdftex.def Info: targetdist.png  used on input line 193.
(pdftex.def)             Requested size: 250.0pt x 125.00026pt.

LaTeX Warning: `!h' float specifier changed to `!ht'.

<map.png, id=33, 848.16875pt x 590.205pt>
File: map.png Graphic file (type png)
<use map.png>
Package pdftex.def Info: map.png  used on input line 200.
(pdftex.def)             Requested size: 250.0pt x 173.96487pt.

LaTeX Warning: `!h' float specifier changed to `!ht'.

[6 </Users/mack/Desktop/Coursera_Capstone/report/method.png>] [7 </Users/mack/Desktop/Coursera_Capstone/report/targetdist.png> </Users/mack/Desktop/Coursera_Capstone/report/map.png>] [8] [9] [10] (/Users/mack/Desktop/Coursera_Capstone/report/samplepaper.aux)

LaTeX Warning: There were multiply-defined labels.

 ) 
Here is how much of TeX's memory you used:
 3511 strings out of 480608
 54615 string characters out of 5903631
 460954 words of memory out of 5000000
 19368 multiletter control sequences out of 15000+600000
 537397 words of font info for 42 fonts, out of 8000000 for 9000
 1141 hyphenation exceptions out of 8191
 36i,5n,36p,721b,233s stack positions out of 5000i,500n,10000p,200000b,80000s
{/usr/local/texlive/2020/texmf-dist/fonts/enc/dvips/cm-super/cm-super-ts1.enc}</usr/local/texlive/2020/texmf-dist/fonts/type1/public/amsfonts/cm/cmbx10.pfb></usr/local/texlive/2020/texmf-dist/fonts/type1/public/amsfonts/cm/cmbx12.pfb></usr/local/texlive/2020/texmf-dist/fonts/type1/public/amsfonts/cm/cmbx9.pfb></usr/local/texlive/2020/texmf-dist/fonts/type1/public/amsfonts/cm/cmr10.pfb></usr/local/texlive/2020/texmf-dist/fonts/type1/public/amsfonts/cm/cmr6.pfb></usr/local/texlive/2020/texmf-dist/fonts/type1/public/amsfonts/cm/cmr9.pfb></usr/local/texlive/2020/texmf-dist/fonts/type1/public/amsfonts/cm/cmtt9.pfb></usr/local/texlive/2020/texmf-dist/fonts/type1/public/cm-super/sfrm0900.pfb>
Output written on /Users/mack/Desktop/Coursera_Capstone/report/samplepaper.pdf (10 pages, 1598750 bytes).
PDF statistics:
 81 PDF objects out of 1000 (max. 8388607)
 50 compressed objects within 1 object stream
 0 named destinations out of 1000 (max. 500000)
 26 words of extra memory for PDF output out of 10000 (max. 10000000)

